<?xml version="1.0" encoding="UTF-8"?>
<!-- Generated by org.testng.reporters.JUnitReportReporter -->
<testsuite skipped="0" hostname="LAPTOP-VQNA19QV" name="org_tngday2.prod3" tests="2" failures="0" timestamp="09 Sep 2022 10:10:16 GMT" time="0.005" errors="0">
  <testcase name="tes1" time="0.002" classname="org_tngday2.prod3"/>
  <testcase name="tes2" time="0.003" classname="org_tngday2.prod3"/>
</testsuite> <!-- org_tngday2.prod3 -->
