<?xml version="1.0" encoding="UTF-8"?>
<!-- Generated by org.testng.reporters.JUnitReportReporter -->
<testsuite skipped="0" hostname="LAPTOP-VQNA19QV" name="org.day7.practicday2" tests="1" failures="0" timestamp="27 Sep 2022 11:50:08 GMT" time="21.877" errors="0">
  <testcase name="test" time="21.877" classname="org.day7.practicday2"/>
</testsuite> <!-- org.day7.practicday2 -->
