<?xml version="1.0" encoding="UTF-8"?>
<!-- Generated by org.testng.reporters.JUnitReportReporter -->
<testsuite skipped="0" hostname="LAPTOP-VQNA19QV" name="org.day7.practic3" tests="1" failures="0" timestamp="27 Sep 2022 13:12:12 GMT" time="15.224" errors="0">
  <testcase name="test1" time="15.224" classname="org.day7.practic3"/>
</testsuite> <!-- org.day7.practic3 -->
