<?xml version="1.0" encoding="UTF-8"?>
<!-- Generated by org.testng.reporters.JUnitReportReporter -->
<testsuite skipped="2" hostname="LAPTOP-VQNA19QV" name="oug_day7.projectflip" tests="3" failures="0" timestamp="20 Sep 2022 11:46:55 GMT" time="9.576" errors="0">
  <testcase name="test3" time="9.576" classname="oug_day7.projectflip"/>
  <testcase name="test2" classname="oug_day7.projectflip">
    <skipped/>
  </testcase> <!-- test2 -->
  <testcase name="test" classname="oug_day7.projectflip">
    <skipped/>
  </testcase> <!-- test -->
</testsuite> <!-- oug_day7.projectflip -->
