<?xml version="1.0" encoding="UTF-8"?>
<!-- Generated by org.testng.reporters.JUnitReportReporter -->
<testsuite skipped="1" hostname="LAPTOP-VQNA19QV" name="org_tngday2.prod1" tests="3" failures="0" timestamp="09 Sep 2022 10:10:16 GMT" time="0.014" errors="0">
  <testcase name="tes3" time="0.003" classname="org_tngday2.prod1"/>
  <testcase name="tes2" time="0.011" classname="org_tngday2.prod1"/>
  <testcase name="tes1" classname="org_tngday2.prod1">
    <skipped/>
  </testcase> <!-- tes1 -->
</testsuite> <!-- org_tngday2.prod1 -->
