<?xml version="1.0" encoding="UTF-8"?>
<!-- Generated by org.testng.reporters.JUnitReportReporter -->
<testsuite skipped="1" hostname="LAPTOP-VQNA19QV" name="org_tngday2.prod1" tests="3" failures="0" timestamp="15 Sep 2022 07:16:23 GMT" time="0.031" errors="0">
  <testcase name="tes2" time="0.016" classname="org_tngday2.prod1"/>
  <testcase name="tes3" time="0.015" classname="org_tngday2.prod1"/>
  <testcase name="tes1" classname="org_tngday2.prod1">
    <skipped/>
  </testcase> <!-- tes1 -->
</testsuite> <!-- org_tngday2.prod1 -->
