<?xml version="1.0" encoding="UTF-8"?>
<!-- Generated by org.testng.reporters.JUnitReportReporter -->
<testsuite skipped="0" hostname="LAPTOP-VQNA19QV" name="org_tngday3.paraproject1" tests="1" failures="0" timestamp="13 Sep 2022 07:12:55 GMT" time="12.167" errors="0">
  <testcase name="test" time="12.167" classname="org_tngday3.paraproject1"/>
</testsuite> <!-- org_tngday3.paraproject1 -->
