<?xml version="1.0" encoding="UTF-8"?>
<!-- Generated by org.testng.reporters.JUnitReportReporter -->
<testsuite skipped="0" hostname="LAPTOP-VQNA19QV" name="org_tngparllelday6.par2" tests="3" failures="0" timestamp="15 Sep 2022 07:25:51 GMT" time="0.018" errors="0">
  <testcase name="tes3" time="0.002" classname="org_tngparllelday6.par2"/>
  <testcase name="tes1" time="0.012" classname="org_tngparllelday6.par2"/>
  <testcase name="tes2" time="0.004" classname="org_tngparllelday6.par2"/>
</testsuite> <!-- org_tngparllelday6.par2 -->
