<?xml version="1.0" encoding="UTF-8"?>
<!-- Generated by org.testng.reporters.JUnitReportReporter -->
<testsuite skipped="0" hostname="LAPTOP-VQNA19QV" name="org.day7.practicday1" tests="1" failures="0" timestamp="26 Sep 2022 08:26:36 GMT" time="22.098" errors="0">
  <testcase name="test1" time="22.098" classname="org.day7.practicday1"/>
</testsuite> <!-- org.day7.practicday1 -->
