<?xml version="1.0" encoding="UTF-8"?>
<!-- Generated by org.testng.reporters.JUnitReportReporter -->
<testsuite skipped="0" hostname="LAPTOP-VQNA19QV" name="org_tngday5.grpday1" tests="6" failures="0" timestamp="14 Sep 2022 06:12:31 GMT" time="0.022" errors="0">
  <testcase name="test4" time="0.002" classname="org_tngday5.grpday1"/>
  <testcase name="test10" time="0.002" classname="org_tngday5.grpday1"/>
  <testcase name="test1" time="0.009" classname="org_tngday5.grpday1"/>
  <testcase name="test2" time="0.000" classname="org_tngday5.grpday1"/>
  <testcase name="test5" time="0.002" classname="org_tngday5.grpday1"/>
  <testcase name="test9" time="0.007" classname="org_tngday5.grpday1"/>
</testsuite> <!-- org_tngday5.grpday1 -->
