<?xml version="1.0" encoding="UTF-8"?>
<!-- Generated by org.testng.reporters.JUnitReportReporter -->
<testsuite skipped="0" hostname="LAPTOP-VQNA19QV" name="org_tngparllelday6.allproject1" tests="1" failures="0" timestamp="15 Sep 2022 11:48:42 GMT" time="32.867" errors="0">
  <testcase name="test" time="32.867" classname="org_tngparllelday6.allproject1"/>
</testsuite> <!-- org_tngparllelday6.allproject1 -->
