<?xml version="1.0" encoding="UTF-8"?>
<!-- Generated by org.testng.reporters.JUnitReportReporter -->
<testsuite skipped="0" hostname="LAPTOP-VQNA19QV" name="org_tngday2.prod3" tests="2" failures="0" timestamp="15 Sep 2022 07:16:23 GMT" time="0.026" errors="0">
  <testcase name="tes2" time="0.012" classname="org_tngday2.prod3"/>
  <testcase name="tes1" time="0.014" classname="org_tngday2.prod3"/>
</testsuite> <!-- org_tngday2.prod3 -->
