<?xml version="1.0" encoding="UTF-8"?>
<!-- Generated by org.testng.reporters.JUnitReportReporter -->
<testsuite skipped="0" hostname="LAPTOP-VQNA19QV" name="org_tngday4.prodata1" tests="3" failures="0" timestamp="13 Sep 2022 08:06:45 GMT" time="14.973" errors="0">
  <testcase name="test" time="6.195" classname="org_tngday4.prodata1"/>
  <testcase name="test" time="5.302" classname="org_tngday4.prodata1"/>
  <testcase name="test" time="3.476" classname="org_tngday4.prodata1"/>
</testsuite> <!-- org_tngday4.prodata1 -->
